2023-01-31T15:47:46+00:00 DEBUG tt4b_product_sync: missing access token for tt4b_product_sync
2023-01-31T15:48:15+00:00 DEBUG tt4b_product_sync: missing access token for tt4b_product_sync
2023-01-31T15:48:28+00:00 DEBUG tt4b_product_sync: missing access token for tt4b_product_sync
2023-01-31T15:49:20+00:00 DEBUG tt4b_product_sync: missing access token for tt4b_product_sync
2023-01-31T15:59:03+00:00 DEBUG tt4b_product_sync: missing access token for tt4b_product_sync
2023-01-31T16:07:53+00:00 DEBUG tt4b_product_sync: missing access token for tt4b_product_sync
2023-01-31T16:45:21+00:00 DEBUG tt4b_product_sync: missing access token for tt4b_product_sync
2023-01-31T16:51:23+00:00 DEBUG tt4b_product_sync: missing access token for tt4b_product_sync
2023-01-31T16:51:32+00:00 DEBUG Tt4b_Pixel_Class::inject_view_content_event: hit injectViewContentEvent
2023-01-31T16:51:32+00:00 DEBUG Tt4b_Pixel_Class::inject_view_content_event: Missing option "access_token"
2023-01-31T16:52:15+00:00 DEBUG Tt4b_Pixel_Class::inject_view_content_event: hit injectViewContentEvent
2023-01-31T16:52:15+00:00 DEBUG Tt4b_Pixel_Class::inject_view_content_event: Missing option "access_token"
2023-01-31T17:46:08+00:00 DEBUG tt4b_product_sync: missing access token for tt4b_product_sync
2023-01-31T17:46:27+00:00 DEBUG Tt4b_Pixel_Class::inject_view_content_event: hit injectViewContentEvent
2023-01-31T17:46:27+00:00 DEBUG Tt4b_Pixel_Class::inject_view_content_event: Missing option "access_token"
2023-01-31T18:20:10+00:00 DEBUG tt4b_product_sync: missing access token for tt4b_product_sync
2023-01-31T18:20:18+00:00 DEBUG Tt4b_Pixel_Class::inject_view_content_event: hit injectViewContentEvent
2023-01-31T18:20:18+00:00 DEBUG Tt4b_Pixel_Class::inject_view_content_event: Missing option "access_token"
2023-01-31T18:22:23+00:00 DEBUG tt4b_product_sync: missing access token for tt4b_product_sync
2023-01-31T18:22:41+00:00 DEBUG Tt4b_Pixel_Class::inject_view_content_event: hit injectViewContentEvent
2023-01-31T18:22:41+00:00 DEBUG Tt4b_Pixel_Class::inject_view_content_event: Missing option "access_token"
2023-01-31T18:27:06+00:00 DEBUG tt4b_product_sync: missing access token for tt4b_product_sync
2023-01-31T18:27:17+00:00 DEBUG Tt4b_Pixel_Class::inject_view_content_event: hit injectViewContentEvent
2023-01-31T18:27:17+00:00 DEBUG Tt4b_Pixel_Class::inject_view_content_event: Missing option "access_token"
2023-01-31T18:28:05+00:00 DEBUG tt4b_product_sync: missing access token for tt4b_product_sync
2023-01-31T18:28:17+00:00 DEBUG tt4b_product_sync: missing access token for tt4b_product_sync
2023-01-31T18:36:30+00:00 DEBUG tt4b_product_sync: missing access token for tt4b_product_sync
2023-01-31T18:36:40+00:00 DEBUG Tt4b_Pixel_Class::inject_view_content_event: hit injectViewContentEvent
2023-01-31T18:36:40+00:00 DEBUG Tt4b_Pixel_Class::inject_view_content_event: Missing option "access_token"
2023-01-31T18:44:29+00:00 DEBUG tt4b_product_sync: missing access token for tt4b_product_sync
2023-01-31T18:45:11+00:00 DEBUG Tt4b_Pixel_Class::inject_view_content_event: hit injectViewContentEvent
2023-01-31T18:45:11+00:00 DEBUG Tt4b_Pixel_Class::inject_view_content_event: Missing option "access_token"
2023-01-31T18:46:44+00:00 DEBUG Tt4b_Pixel_Class::inject_view_content_event: hit injectViewContentEvent
2023-01-31T18:46:44+00:00 DEBUG Tt4b_Pixel_Class::inject_view_content_event: Missing option "access_token"
2023-01-31T19:53:33+00:00 DEBUG Tt4b_Pixel_Class::inject_view_content_event: hit injectViewContentEvent
2023-01-31T19:53:33+00:00 DEBUG Tt4b_Pixel_Class::inject_view_content_event: Missing option "access_token"
2023-01-31T19:53:45+00:00 DEBUG Tt4b_Pixel_Class::inject_view_content_event: hit injectViewContentEvent
2023-01-31T19:53:45+00:00 DEBUG Tt4b_Pixel_Class::inject_view_content_event: Missing option "access_token"
2023-01-31T19:54:00+00:00 DEBUG Tt4b_Pixel_Class::inject_view_content_event: hit injectViewContentEvent
2023-01-31T19:54:00+00:00 DEBUG Tt4b_Pixel_Class::inject_view_content_event: Missing option "access_token"
2023-01-31T19:57:38+00:00 DEBUG Tt4b_Pixel_Class::inject_start_checkout: hit injectStartCheckout
2023-01-31T19:57:38+00:00 DEBUG Tt4b_Pixel_Class::inject_start_checkout: Missing option "access_token"
2023-01-31T22:38:01+00:00 DEBUG Tt4b_Pixel_Class::inject_view_content_event: hit injectViewContentEvent
2023-01-31T22:38:01+00:00 DEBUG Tt4b_Pixel_Class::inject_view_content_event: Missing option "access_token"
2023-01-31T22:51:28+00:00 DEBUG Tt4b_Pixel_Class::inject_view_content_event: hit injectViewContentEvent
2023-01-31T22:51:28+00:00 DEBUG Tt4b_Pixel_Class::inject_view_content_event: Missing option "access_token"
2023-01-31T22:51:41+00:00 DEBUG Tt4b_Pixel_Class::inject_add_to_cart_event: hit injectAddToCartEvent
2023-01-31T22:51:41+00:00 DEBUG Tt4b_Pixel_Class::inject_add_to_cart_event: Missing option "access_token"
2023-01-31T22:51:41+00:00 DEBUG Tt4b_Pixel_Class::inject_view_content_event: hit injectViewContentEvent
2023-01-31T22:51:41+00:00 DEBUG Tt4b_Pixel_Class::inject_view_content_event: Missing option "access_token"
