2023-01-30T19:46:45+00:00 DEBUG Tt4b_Pixel_Class::inject_view_content_event: hit injectViewContentEvent
2023-01-30T19:46:45+00:00 DEBUG Tt4b_Pixel_Class::inject_view_content_event: Missing option "access_token"
2023-01-30T20:11:40+00:00 DEBUG tt4b_product_sync: missing access token for tt4b_product_sync
2023-01-30T20:12:47+00:00 DEBUG Tt4b_Pixel_Class::inject_view_content_event: hit injectViewContentEvent
2023-01-30T20:12:47+00:00 DEBUG Tt4b_Pixel_Class::inject_view_content_event: Missing option "access_token"
2023-01-30T20:24:43+00:00 DEBUG tt4b_product_sync: missing access token for tt4b_product_sync
2023-01-30T20:40:59+00:00 DEBUG tt4b_product_sync: missing access token for tt4b_product_sync
2023-01-30T20:49:05+00:00 DEBUG tt4b_product_sync: missing access token for tt4b_product_sync
2023-01-30T20:49:48+00:00 DEBUG Tt4b_Pixel_Class::inject_view_content_event: hit injectViewContentEvent
2023-01-30T20:49:48+00:00 DEBUG Tt4b_Pixel_Class::inject_view_content_event: Missing option "access_token"
2023-01-30T21:03:15+00:00 DEBUG tt4b_product_sync: missing access token for tt4b_product_sync
2023-01-30T21:03:47+00:00 DEBUG Tt4b_Pixel_Class::inject_view_content_event: hit injectViewContentEvent
2023-01-30T21:03:47+00:00 DEBUG Tt4b_Pixel_Class::inject_view_content_event: Missing option "access_token"
2023-01-30T21:04:51+00:00 DEBUG tt4b_product_sync: missing access token for tt4b_product_sync
2023-01-30T21:05:15+00:00 DEBUG Tt4b_Pixel_Class::inject_view_content_event: hit injectViewContentEvent
2023-01-30T21:05:15+00:00 DEBUG Tt4b_Pixel_Class::inject_view_content_event: Missing option "access_token"
2023-01-30T21:05:39+00:00 DEBUG Tt4b_Pixel_Class::inject_add_to_cart_event: hit injectAddToCartEvent
2023-01-30T21:05:39+00:00 DEBUG Tt4b_Pixel_Class::inject_add_to_cart_event: Missing option "access_token"
2023-01-30T21:05:40+00:00 DEBUG Tt4b_Pixel_Class::inject_view_content_event: hit injectViewContentEvent
2023-01-30T21:05:40+00:00 DEBUG Tt4b_Pixel_Class::inject_view_content_event: Missing option "access_token"
2023-01-30T21:08:40+00:00 DEBUG tt4b_product_sync: missing access token for tt4b_product_sync
