01-30-2023 @ 19:22:33 - 3.1.0 - No subscription webhooks found using API version 3. No updates needed.
01-30-2023 @ 19:22:33 - 5.1.0 upgrade complete from Subscriptions v0 while WooCommerce WC_VERSION 7.3.0 and database version 7.3.0 was active.
01-30-2023 @ 19:22:33 - Environment info:
01-30-2023 @ 19:22:33 -     WordPress Version : 6.1.1
01-30-2023 @ 19:22:33 - Active Plugins:
01-30-2023 @ 19:22:33 -     Starter Templates by Brainstorm Force – 3.1.24
01-30-2023 @ 19:22:33 -     Astra Widgets by Brainstorm Force – 1.2.12
01-30-2023 @ 19:22:33 -     Checkout Plugins - Stripe for WooCommerce by Checkout Plugins – 1.4.11
01-30-2023 @ 19:22:33 -     Codisto Channel Cloud by Codisto – 1.3.65
01-30-2023 @ 19:22:33 -     Elementor Pro by Elementor.com – 3.10.1
01-30-2023 @ 19:22:33 -     Elementor by Elementor.com – 3.10.2
01-30-2023 @ 19:22:33 -     Essential Addons for Elementor by WPDeveloper – 5.5.3
01-30-2023 @ 19:22:33 -     Essential Blocks by WPDeveloper – 3.8.6
01-30-2023 @ 19:22:33 -     Facebook for WooCommerce by Facebook – 3.0.8
01-30-2023 @ 19:22:33 -     Flipbox Builder by wptexture – 1.4
01-30-2023 @ 19:22:33 -     Google Listings and Ads by WooCommerce – 2.3.8
01-30-2023 @ 19:22:33 -     Image Slider Slideshow by wptexture – 1.7
01-30-2023 @ 19:22:33 -     Jetpack by Automattic – 11.7.1
01-30-2023 @ 19:22:33 -     MailPoet by MailPoet – 4.5.2
01-30-2023 @ 19:22:33 -     One Click Demo Import by OCDI – 3.1.2
01-30-2023 @ 19:22:33 -     Pinterest for WooCommerce by WooCommerce – 1.2.10
01-30-2023 @ 19:22:33 -     TikTok by TikTok – 1.0.15
01-30-2023 @ 19:22:33 -     Variation Swatches for WooCommerce by CartFlows – 1.0.6
01-30-2023 @ 19:22:33 -     WooCommerce Cart Abandonment Recovery by CartFlows Inc – 1.2.21
01-30-2023 @ 19:22:33 -     WooCommerce Payments by Automattic – 5.3.0
01-30-2023 @ 19:22:33 -     WooCommerce Shipping & Tax by WooCommerce – 2.2.1
01-30-2023 @ 19:22:33 -     WooCommerce by Automattic – 7.3.0
01-30-2023 @ 19:22:33 -     WPForms Lite by WPForms – 1.7.9.1
